d:\documents\degree\sem 8\data networking\vu5eserverphoton\vu5eserverphoton\debug\vc141.pdb
d:\documents\degree\sem 8\data networking\vu5eserverphoton\vu5eserverphoton\debug\vc141.idb
d:\documents\degree\sem 8\data networking\vu5eserverphoton\vu5eserverphoton\debug\main.obj
d:\documents\degree\sem 8\data networking\vu5eserverphoton\vu5eserverphoton\debug\vector2.obj
d:\documents\degree\sem 8\data networking\vu5eserverphoton\vu5eserverphoton\debug\transform2d.obj
d:\documents\degree\sem 8\data networking\vu5eserverphoton\vu5eserverphoton\debug\old_main.obj
d:\documents\degree\sem 8\data networking\vu5eserverphoton\vu5eserverphoton\debug\networklistener.obj
d:\documents\degree\sem 8\data networking\vu5eserverphoton\vu5eserverphoton\debug\matrix.obj
d:\documents\degree\sem 8\data networking\vu5eserverphoton\vu5eserverphoton\debug\lodepng.obj
d:\documents\degree\sem 8\data networking\vu5eserverphoton\vu5eserverphoton\debug\hello-photon.obj
d:\documents\degree\sem 8\data networking\vu5eserverphoton\vu5eserverphoton\debug\drawer.obj
d:\documents\degree\sem 8\data networking\vu5eserverphoton\vu5eserverphoton\debug\component.obj
d:\documents\degree\sem 8\data networking\vu5eserverphoton\vu5eserverphoton\debug\color.obj
d:\documents\degree\sem 8\data networking\vu5eserverphoton\vu5eserverphoton\debug\application-main.obj
d:\documents\degree\sem 8\data networking\vu5eserverphoton\vu5eserverphoton\debug\sprite.obj
d:\documents\degree\sem 8\data networking\vu5eserverphoton\vu5eserverphoton\debug\myphoton.obj
d:\documents\degree\sem 8\data networking\vu5eserverphoton\vu5eserverphoton\debug\gameobject.obj
d:\documents\degree\sem 8\data networking\vu5eserverphoton\vu5eserverphoton\debug\application.obj
d:\documents\degree\sem 8\data networking\vu5eserverphoton\debug\vu5eserverphoton.exe
d:\documents\degree\sem 8\data networking\vu5eserverphoton\debug\vu5eserverphoton.ilk
d:\documents\degree\sem 8\data networking\vu5eserverphoton\debug\vu5eserverphoton.pdb
d:\documents\degree\sem 8\data networking\vu5eserverphoton\vu5eserverphoton\debug\vu5eserverphoton.tlog\cl.command.1.tlog
d:\documents\degree\sem 8\data networking\vu5eserverphoton\vu5eserverphoton\debug\vu5eserverphoton.tlog\cl.read.1.tlog
d:\documents\degree\sem 8\data networking\vu5eserverphoton\vu5eserverphoton\debug\vu5eserverphoton.tlog\cl.write.1.tlog
d:\documents\degree\sem 8\data networking\vu5eserverphoton\vu5eserverphoton\debug\vu5eserverphoton.tlog\link.command.1.tlog
d:\documents\degree\sem 8\data networking\vu5eserverphoton\vu5eserverphoton\debug\vu5eserverphoton.tlog\link.read.1.tlog
d:\documents\degree\sem 8\data networking\vu5eserverphoton\vu5eserverphoton\debug\vu5eserverphoton.tlog\link.write.1.tlog
